[debug] [2022-05-12T17:01:58.903Z] ----------------------------------------------------------------------
[debug] [2022-05-12T17:01:58.905Z] Command:       C:\Program Files\nodejs\node.exe C:\Users\56975\AppData\Roaming\npm\node_modules\firebase-tools\lib\bin\firebase.js init
[debug] [2022-05-12T17:01:58.906Z] CLI Version:   10.9.2
[debug] [2022-05-12T17:01:58.906Z] Platform:      win32
[debug] [2022-05-12T17:01:58.906Z] Node Version:  v16.13.0
[debug] [2022-05-12T17:01:58.908Z] Time:          Thu May 12 2022 13:01:58 GMT-0400 (hora de Venezuela)
[debug] [2022-05-12T17:01:58.908Z] ----------------------------------------------------------------------
[debug] 
[debug] [2022-05-12T17:01:58.989Z] > command requires scopes: ["email","openid","https://www.googleapis.com/auth/cloudplatformprojects.readonly","https://www.googleapis.com/auth/firebase","https://www.googleapis.com/auth/cloud-platform"]
[debug] [2022-05-12T17:01:58.990Z] > authorizing via signed-in user (andrea.s.vidal00@gmail.com)
[info] 
     ######## #### ########  ######## ########     ###     ######  ########
     ##        ##  ##     ## ##       ##     ##  ##   ##  ##       ##
     ######    ##  ########  ######   ########  #########  ######  ######
     ##        ##  ##    ##  ##       ##     ## ##     ##       ## ##
     ##       #### ##     ## ######## ########  ##     ##  ######  ########

You're about to initialize a Firebase project in this directory:

  C:\Users\56975\Desktop\SCL019-burger-queen

Before we get started, keep in mind:

  * You are initializing within an existing Firebase project directory

